session start at 20231030 16:24:05
20231030 16:24:13 load new.md
20231030 16:24:23 append-head #head
20231030 16:24:32 append-tail #tail
20231030 16:24:44 insert 2 #test
20231030 16:24:53 insert 3 *test
20231030 16:25:01 undo
20231030 16:25:03 undo
20231030 16:25:05 redo
20231030 16:25:06 redo
20231030 16:25:11 delete 1
20231030 16:25:14 undo
20231030 16:25:19 redo
20231030 16:25:28 undo
20231030 16:25:31 save
20231030 16:25:34 list
20231030 16:25:52 history 
20231030 16:26:35 stats all
20231030 16:26:54 load newtest.md
20231030 16:27:02 stats all
session start at 20231101 19:23:58
20231101 19:24:05 laod new.md
20231101 19:24:08 list
20231101 19:24:18 append-head #head
20231101 19:24:25 list-treew
20231101 19:24:30 list-tree
session start at 20231101 19:28:29
20231101 19:28:35 load newtest.md
20231101 19:28:37 list
20231101 19:28:53 append-tail *tail
20231101 19:29:01 append-head #head
20231101 19:29:06 list-tree
session start at 20231101 19:29:40
session start at 20231101 19:29:43
20231101 19:29:48 load new.md
20231101 19:29:49 list
20231101 19:29:56 delete 1
20231101 19:29:58 delete 1
20231101 19:30:01 delete 1
20231101 19:30:03 delete 1
20231101 19:30:12 append-head # head
20231101 19:30:20 append-tail # tail
20231101 19:30:23 list-tree
20231101 19:30:43 append-tail * content
20231101 19:30:46 list-tree
20231101 19:31:14 dir-tree tail
session start at 20231101 19:31:53
20231101 19:31:58 load new.md
20231101 19:32:00 list
20231101 19:32:05 delete 1 
20231101 19:32:10 delete test
session start at 20231101 19:40:40
20231101 19:40:45 load new.md
20231101 19:40:46 list
20231101 19:40:51 delete head
session start at 20231101 19:41:24
20231101 19:41:27 laod new.md
20231101 19:41:28 list
20231101 19:41:34 load new.md
20231101 19:41:36 list
20231101 19:41:40 delete head
session start at 20231101 19:42:25
20231101 19:42:33 load test.md
20231101 19:42:45 append # head
20231101 19:42:55 append * tail
20231101 19:43:07 insert 1 # content
20231101 19:43:12 list
20231101 19:43:27 append-head # head
20231101 19:43:43 insert 1 ## content
20231101 19:43:56 append-head # head
20231101 19:43:58 list
20231101 19:44:12 append-tail * tail
20231101 19:44:19 save
20231101 19:44:22 list-tree
20231101 19:44:32 dir-tree content
20231101 19:44:48 delete content
20231101 19:47:12 list-tree
20231101 19:47:20 undo
session start at 20231101 19:48:35
20231101 19:48:40 load test.md
20231101 19:48:42 list
20231101 19:48:47 delete content
20231101 19:48:50 undo
20231101 19:48:53 redo
session start at 20231106 13:55:52
20231106 13:55:52 load test.md
20231106 13:55:52 append-head # head
20231106 13:55:52 insert 1 ## content
20231106 13:55:52 append-tail * tail
20231106 13:55:52 insert 2 ## test
20231106 13:55:52 delete 2
20231106 13:55:52 list
20231106 13:55:52 detele test
20231106 13:55:52 redo
session start at 20231106 13:57:40
20231106 13:57:40 load test.md
20231106 13:57:40 append-head # head
20231106 13:57:40 insert 1 ## content
20231106 13:57:40 append-tail * tail
20231106 13:57:40 insert 2 ## test
20231106 13:57:40 delete 2
20231106 13:57:40 list
20231106 13:57:40 detele test
20231106 13:57:40 undo
20231106 13:57:40 list
20231106 13:57:40 redo
20231106 13:57:40 list
20231106 13:57:40 undo
20231106 13:57:40 list
20231106 13:57:40 list-tree
20231106 13:57:40 dir-tree
session start at 20231106 13:59:10
20231106 13:59:10 load test.md
20231106 13:59:10 append-head # head
20231106 13:59:10 append-head # head2insert 1 ## content
20231106 13:59:10 append-tail * tail
20231106 13:59:10 insert 2 ## test
20231106 13:59:10 delete 2
20231106 13:59:10 list
20231106 13:59:10 detele test
20231106 13:59:10 undo
20231106 13:59:10 list
20231106 13:59:10 redo
20231106 13:59:10 list
20231106 13:59:10 undo
20231106 13:59:10 list
20231106 13:59:10 list-tree
20231106 13:59:10 dir-tree head
20231106 13:59:10 save
session start at 20231106 14:00:12
20231106 14:00:12 load test.md
20231106 14:00:12 append-head # head
20231106 14:00:12 append-head # head2
20231106 14:00:12 insert 1 ## content
20231106 14:00:12 append-tail * tail
20231106 14:00:12 insert 2 ## test
20231106 14:00:12 delete 2
20231106 14:00:12 list
20231106 14:00:12 detele test
20231106 14:00:12 undo
20231106 14:00:12 list
20231106 14:00:12 redo
20231106 14:00:12 list
20231106 14:00:12 undo
20231106 14:00:12 list
20231106 14:00:12 list-tree
20231106 14:00:12 dir-tree head
20231106 14:00:12 save
session start at 20231106 14:06:18
session start at 20231106 14:06:18
20231106 14:06:18 load test.md
20231106 14:06:18 append-head # head
session start at 20231106 14:06:44
20231106 14:06:44 load test.md
20231106 14:06:44 append-head # head
session start at 20231106 14:10:25
20231106 14:10:25 load new.md
20231106 14:10:25 append-head # head
20231106 14:10:25 append-head # head2
20231106 14:10:25 insert 1 ## content
20231106 14:10:25 append-tail * tail
20231106 14:10:25 insert 2 ## test
20231106 14:10:25 delete 2
20231106 14:10:25 list
20231106 14:10:25 detele test
20231106 14:10:25 undo
20231106 14:10:25 list
20231106 14:10:25 redo
20231106 14:10:25 list
20231106 14:10:25 undo
20231106 14:10:25 list
20231106 14:10:25 list-tree
20231106 14:10:25 dir-tree head
20231106 14:10:25 history
20231106 14:10:25 history 10
20231106 14:10:25 stats all
20231106 14:10:25 stats current
session start at 20231106 14:16:22
20231106 14:16:22 load new.md
20231106 14:16:22 append-head # head
20231106 14:16:22 append-head # head2
20231106 14:16:22 insert 1 ## content
20231106 14:16:22 append-tail * tail
20231106 14:16:22 insert 2 ## test
20231106 14:16:22 delete 2
20231106 14:16:22 list
20231106 14:16:22 detele test
20231106 14:16:22 undo
20231106 14:16:22 list
20231106 14:16:22 redo
20231106 14:16:22 list
20231106 14:16:22 undo
20231106 14:16:22 list
20231106 14:16:22 redo
20231106 14:16:22 save
20231106 14:16:22 list-tree
session start at 20231106 14:16:37
20231106 14:16:37 load new1.md
20231106 14:16:37 append-head # head
20231106 14:16:37 append-head # head2
20231106 14:16:37 insert 1 ## content
20231106 14:16:37 append-tail * tail
20231106 14:16:37 insert 2 ## test
20231106 14:16:37 delete 2
20231106 14:16:37 list
20231106 14:16:37 detele test
20231106 14:16:37 undo
20231106 14:16:37 list
20231106 14:16:37 redo
20231106 14:16:37 list
20231106 14:16:37 undo
20231106 14:16:37 list
20231106 14:16:37 redo
20231106 14:16:37 save
20231106 14:16:37 list-tree
20231106 14:16:37 dir-tree head
20231106 14:16:37 history
20231106 14:16:37 history 10
20231106 14:16:37 stats all
20231106 14:16:37 stats current
